#
# There is insufficient memory for the Java Runtime Environment to continue.
# Native memory allocation (mmap) failed to map 268435456 bytes for Failed to commit area from 0x0000000701000000 to 0x0000000711000000 of length 268435456.
# Possible reasons:
#   The system is out of physical RAM or swap space
#   The process is running with CompressedOops enabled, and the Java Heap may be blocking the growth of the native heap
# Possible solutions:
#   Reduce memory load on the system
#   Increase physical memory or swap space
#   Check if swap backing store is full
#   Decrease Java heap size (-Xmx/-Xms)
#   Decrease number of Java threads
#   Decrease Java thread stack sizes (-Xss)
#   Set larger code cache with -XX:ReservedCodeCacheSize=
# This output file may be truncated or incomplete.
#
#  Out of Memory Error (./src/hotspot/os/windows/os_windows.cpp:3301), pid=10080, tid=15576
#
# JRE version:  (11.0.10+9) (build )
# Java VM: Dynamic Code Evolution 64-Bit Server VM (11.0.10+9-b1341.41, mixed mode, sharing, tiered, compressed oops, g1 gc, windows-amd64)
# No core dump will be written. Minidumps are not enabled by default on client versions of Windows
#

---------------  S U M M A R Y ------------

Command Line: org.jetbrains.git4idea.http.GitAskPassApp Username for 'https://github.com': 

Host: Intel(R) Core(TM) i5-9400 CPU @ 2.90GHz, 6 cores, 15G,  Windows 10 , 64 bit Build 19041 (10.0.19041.928)
Time: Sun Jun  6 03:00:27 2021 RTZ 2 (зима) elapsed time: 0.010542 seconds (0d 0h 0m 0s)

---------------  T H R E A D  ---------------

Current thread (0x00000220bfbba800):  JavaThread "Unknown thread" [_thread_in_vm, id=15576, stack(0x000000f4f6600000,0x000000f4f6700000)]

Stack: [0x000000f4f6600000,0x000000f4f6700000]
Native frames: (J=compiled Java code, j=interpreted, Vv=VM code, C=native code)
V  [jvm.dll+0x5f84fa]
V  [jvm.dll+0x77e085]
V  [jvm.dll+0x77f5dd]
V  [jvm.dll+0x77fc93]
V  [jvm.dll+0x2457e8]
V  [jvm.dll+0x5f58f4]
V  [jvm.dll+0x5ea975]
V  [jvm.dll+0x30228b]
V  [jvm.dll+0x3021fa]
V  [jvm.dll+0x3020d2]
V  [jvm.dll+0x306fb6]
V  [jvm.dll+0x34f843]
V  [jvm.dll+0x34ff46]
V  [jvm.dll+0x34f943]
V  [jvm.dll+0x2dbcb8]
V  [jvm.dll+0x2dce57]
V  [jvm.dll+0x75c4d7]
V  [jvm.dll+0x75dd6c]
V  [jvm.dll+0x35cdb9]
V  [jvm.dll+0x73fc9e]
V  [jvm.dll+0x3c5663]
V  [jvm.dll+0x3c7a21]
C  [jli.dll+0x5373]
C  [ucrtbase.dll+0x21bb2]
C  [KERNEL32.DLL+0x17034]
C  [ntdll.dll+0x52651]


---------------  P R O C E S S  ---------------

Threads class SMR info:
_java_thread_list=0x00000220bdb20c50, length=0, elements={
}

Java Threads: ( => current thread )

Other Threads:
  0x00000220bfbd1000 GCTaskThread "GC Thread#0" [stack: 0x000000f4f6700000,0x000000f4f6800000] [id=2040]
  0x00000220bfc30800 ConcurrentGCThread "G1 Main Marker" [stack: 0x000000f4f6800000,0x000000f4f6900000] [id=8544]
  0x00000220bfc32000 ConcurrentGCThread "G1 Conc#0" [stack: 0x000000f4f6900000,0x000000f4f6a00000] [id=19368]

[error occurred during error reporting (printing all threads), id 0xc0000005, EXCEPTION_ACCESS_VIOLATION (0xc0000005) at pc=0x00007ffc8acdc437]

VM state:not at safepoint (not fully initialized)

VM Mutex/Monitor currently owned by a thread:  ([mutex/lock_event])
[0x00000220bfbb7f10] Heap_lock - owner thread: 0x00000220bfbba800

Heap address: 0x0000000701000000, size: 4080 MB, Compressed Oops mode: Non-zero based: 0x0000000701000000
Narrow klass base: 0x0000000000000000, Narrow klass shift: 0

GC Heap History (0 events):
No events

Deoptimization events (0 events):
No events

Classes redefined (0 events):
No events

Internal exceptions (0 events):
No events

Events (1 events):
Event: 0.006 Loaded shared library C:\Program Files\JetBrains\IntelliJ IDEA Community Edition 2020.3.2\jbr\bin\zip.dll


Dynamic libraries:
0x00007ff718de0000 - 0x00007ff718dea000 	C:\Program Files\JetBrains\IntelliJ IDEA Community Edition 2020.3.2\jbr\bin\java.exe
0x00007ffcf1d30000 - 0x00007ffcf1f25000 	C:\Windows\SYSTEM32\ntdll.dll
0x00007ffcf0a60000 - 0x00007ffcf0b1d000 	C:\Windows\System32\KERNEL32.DLL
0x00007ffcef4f0000 - 0x00007ffcef7b8000 	C:\Windows\System32\KERNELBASE.dll
0x00007ffcefa40000 - 0x00007ffcefb40000 	C:\Windows\System32\ucrtbase.dll
0x00007ffcc7610000 - 0x00007ffcc7629000 	C:\Program Files\JetBrains\IntelliJ IDEA Community Edition 2020.3.2\jbr\bin\jli.dll
0x00007ffccf020000 - 0x00007ffccf037000 	C:\Program Files\JetBrains\IntelliJ IDEA Community Edition 2020.3.2\jbr\bin\VCRUNTIME140.dll
0x00007ffcf16b0000 - 0x00007ffcf1850000 	C:\Windows\System32\USER32.dll
0x00007ffcef4c0000 - 0x00007ffcef4e2000 	C:\Windows\System32\win32u.dll
0x00007ffcddbc0000 - 0x00007ffcdde5a000 	C:\Windows\WinSxS\amd64_microsoft.windows.common-controls_6595b64144ccf1df_6.0.19041.844_none_ca00b6081b84eb1d\COMCTL32.dll
0x00007ffcf0ef0000 - 0x00007ffcf0f1a000 	C:\Windows\System32\GDI32.dll
0x00007ffcf1430000 - 0x00007ffcf14ce000 	C:\Windows\System32\msvcrt.dll
0x00007ffcefbf0000 - 0x00007ffcefcfb000 	C:\Windows\System32\gdi32full.dll
0x00007ffcef9a0000 - 0x00007ffcefa3d000 	C:\Windows\System32\msvcp_win.dll
0x00007ffcf08d0000 - 0x00007ffcf0900000 	C:\Windows\System32\IMM32.DLL
0x00007ffc71f20000 - 0x00007ffc71fbd000 	C:\Program Files\JetBrains\IntelliJ IDEA Community Edition 2020.3.2\jbr\bin\msvcp140.dll
0x00007ffc8a9f0000 - 0x00007ffc8b53f000 	C:\Program Files\JetBrains\IntelliJ IDEA Community Edition 2020.3.2\jbr\bin\server\jvm.dll
0x00007ffcf1540000 - 0x00007ffcf15ec000 	C:\Windows\System32\ADVAPI32.dll
0x00007ffcf1390000 - 0x00007ffcf142b000 	C:\Windows\System32\sechost.dll
0x00007ffcf18b0000 - 0x00007ffcf19db000 	C:\Windows\System32\RPCRT4.dll
0x00007ffcf15f0000 - 0x00007ffcf15f8000 	C:\Windows\System32\PSAPI.DLL
0x00007ffce0d30000 - 0x00007ffce0d39000 	C:\Windows\SYSTEM32\WSOCK32.dll
0x00007ffcdcea0000 - 0x00007ffcdcec7000 	C:\Windows\SYSTEM32\WINMM.dll
0x00007ffce63f0000 - 0x00007ffce63fa000 	C:\Windows\SYSTEM32\VERSION.dll
0x00007ffcf14d0000 - 0x00007ffcf153b000 	C:\Windows\System32\WS2_32.dll
0x00007ffced3e0000 - 0x00007ffced3f2000 	C:\Windows\SYSTEM32\kernel.appcore.dll
0x00007ffceabd0000 - 0x00007ffceabe1000 	C:\Program Files\JetBrains\IntelliJ IDEA Community Edition 2020.3.2\jbr\bin\verify.dll
0x00007ffce8c40000 - 0x00007ffce8e24000 	C:\Windows\SYSTEM32\DBGHELP.DLL
0x00007ffce61c0000 - 0x00007ffce61ec000 	C:\Windows\SYSTEM32\dbgcore.DLL
0x00007ffcef7c0000 - 0x00007ffcef840000 	C:\Windows\System32\bcryptPrimitives.dll
0x00007ffce84e0000 - 0x00007ffce8509000 	C:\Program Files\JetBrains\IntelliJ IDEA Community Edition 2020.3.2\jbr\bin\java.dll
0x00007ffcea9b0000 - 0x00007ffcea9bb000 	C:\Program Files\JetBrains\IntelliJ IDEA Community Edition 2020.3.2\jbr\bin\jimage.dll
0x00007ffcea650000 - 0x00007ffcea668000 	C:\Program Files\JetBrains\IntelliJ IDEA Community Edition 2020.3.2\jbr\bin\zip.dll

dbghelp: loaded successfully - version: 4.0.5 - missing functions: none
symbol engine: initialized successfully - sym options: 0x614 - pdb path: .;C:\Program Files\JetBrains\IntelliJ IDEA Community Edition 2020.3.2\jbr\bin;C:\Windows\SYSTEM32;C:\Windows\WinSxS\amd64_microsoft.windows.common-controls_6595b64144ccf1df_6.0.19041.844_none_ca00b6081b84eb1d;C:\Program Files\JetBrains\IntelliJ IDEA Community Edition 2020.3.2\jbr\bin\server

VM Arguments:
java_command: org.jetbrains.git4idea.http.GitAskPassApp Username for 'https://github.com': 
java_class_path (initial): C:/Program Files/JetBrains/IntelliJ IDEA Community Edition 2020.3.2/plugins/git4idea/lib/git4idea-rt.jar;C:/Program Files/JetBrains/IntelliJ IDEA Community Edition 2020.3.2/lib/xmlrpc-2.0.1.jar;C:/Program Files/JetBrains/IntelliJ IDEA Community Edition 2020.3.2/lib/commons-codec-1.15.jar
Launcher Type: SUN_STANDARD

[Global flags]
     intx CICompilerCount                          = 3                                         {product} {ergonomic}
     uint ConcGCThreads                            = 2                                         {product} {ergonomic}
     uint G1ConcRefinementThreads                  = 6                                         {product} {ergonomic}
   size_t G1HeapRegionSize                         = 1048576                                   {product} {ergonomic}
    uintx GCDrainStackTargetSize                   = 64                                        {product} {ergonomic}
   size_t InitialHeapSize                          = 268435456                                 {product} {ergonomic}
   size_t MarkStackSize                            = 4194304                                   {product} {ergonomic}
   size_t MaxHeapSize                              = 4278190080                                {product} {ergonomic}
   size_t MinHeapDeltaBytes                        = 1048576                                   {product} {ergonomic}
    uintx NonNMethodCodeHeapSize                   = 5830732                                {pd product} {ergonomic}
    uintx NonProfiledCodeHeapSize                  = 122913754                              {pd product} {ergonomic}
    uintx ProfiledCodeHeapSize                     = 122913754                              {pd product} {ergonomic}
    uintx ReservedCodeCacheSize                    = 251658240                              {pd product} {ergonomic}
     bool SegmentedCodeCache                       = true                                      {product} {ergonomic}
     bool UseCompressedClassPointers               = true                                 {lp64_product} {ergonomic}
     bool UseCompressedOops                        = true                                 {lp64_product} {ergonomic}
     bool UseG1GC                                  = true                                      {product} {ergonomic}
     bool UseLargePagesIndividualAllocation        = false                                  {pd product} {ergonomic}

Logging:
Log output configuration:
 #0: stdout all=warning uptime,level,tags
 #1: stderr all=off uptime,level,tags

Environment Variables:
JAVA_HOME=C:\Program Files\Java\jdk1.8.0_281
PATH=C:\Program Files\Git\mingw64\libexec\git-core;C:\Program Files\Git\mingw64\libexec\git-core;C:\Program Files\Git\mingw64\bin;C:\Program Files\Git\usr\bin;C:\Users\Murad\bin;C:\Program Files (x86)\Common Files\Oracle\Java\javapath;C:\Windows\system32;C:\Windows;C:\Windows\System32\Wbem;C:\Windows\System32\WindowsPowerShell\v1.0;C:\Windows\System32\OpenSSH;C:\Program Files\TortoiseGit\bin;C:\Program Files\Git\cmd;C:\gradle-5.6.2\bin;C:\Program Files\PuTTY;C:\Program Files\7-Zip;C:\Program Files (x86)\AMD\ATI.ACE\Core-Static;C:\Program Files\PostgreSQL\12\bin;C:\Program Files\Mozilla Firefox;%JAVA_HOME%\bin;D:\ffmpeg-N-101865-g3e16d1c8a6-win64-lgpl\bin;C:\Users\Murad\AppData\Local\Programs\Python\Python39;D:\ffmpeg-N-101865-g3e16d1c8a6-win64-lgpl\x86_64\bin;C:\Users\Murad\AppData\Local\Microsoft\WindowsApps;C:\Program Files\JetBrains\IntelliJ IDEA Community Edition 2020.3.2\bin;C:\Program Files\JetBrains\IntelliJ IDEA 2020.3.2\bin;C:\Program Files (x86)\Nmap
USERNAME=Murad
DISPLAY=:0.0
LC_ALL=en_US.UTF-8
OS=Windows_NT
PROCESSOR_IDENTIFIER=Intel64 Family 6 Model 158 Stepping 10, GenuineIntel



---------------  S Y S T E M  ---------------

OS: Windows 10 , 64 bit Build 19041 (10.0.19041.928)
OS uptime: 18 days 10:45 hours

CPU:total 6 (initial active 6) (6 cores per cpu, 1 threads per core) family 6 model 158 stepping 10 microcode 0xde, cmov, cx8, fxsr, mmx, sse, sse2, sse3, ssse3, sse4.1, sse4.2, popcnt, avx, avx2, aes, clmul, erms, 3dnowpref, lzcnt, tsc, tscinvbit, bmi1, bmi2, adx, fma

Memory: 4k page, system-wide physical 16313M (2730M free)
TotalPageFile size 46043M (AvailPageFile size 238M)
current process WorkingSet (physical memory assigned to process): 10M, peak: 10M
current process commit charge ("private bytes"): 56M, peak: 312M

vm_info: Dynamic Code Evolution 64-Bit Server VM (11.0.10+9-b1341.41) for windows-amd64 JRE (11.0.10+9-b1341.41), built on Apr 17 2021 07:18:15 by "" with MS VC++ 14.0 (VS2015)

END.
